error: Found argument '--websocket-port' which wasn't expected, or isn't valid in this context

USAGE:
    geckodriver [FLAGS] [OPTIONS]

For more information try --help
error: Found argument '--websocket-port' which wasn't expected, or isn't valid in this context

USAGE:
    geckodriver [FLAGS] [OPTIONS]

For more information try --help
error: Found argument '--websocket-port' which wasn't expected, or isn't valid in this context

USAGE:
    geckodriver [FLAGS] [OPTIONS]

For more information try --help
1653522364040	geckodriver	INFO	Listening on 127.0.0.1:52955
update.go:85: cannot change mount namespace according to change mount (/var/lib/snapd/hostfs/usr/share/gtk-doc /usr/share/gtk-doc none bind,ro 0 0): cannot open directory "/var/lib": permission denied
update.go:85: cannot change mount namespace according to change mount (/var/lib/snapd/hostfs/usr/share/libreoffice/help /usr/share/libreoffice/help none bind,ro 0 0): cannot create directory "/usr/share/libreoffice/help": permission denied
update.go:85: cannot change mount namespace according to change mount (/var/lib/snapd/hostfs/usr/share/xubuntu-docs /usr/share/xubuntu-docs none bind,ro 0 0): cannot open directory "/var/lib": permission denied
1653522364950	mozrunner::runner	INFO	Running command: "/snap/bin/firefox" "--marionette" "--remote-debugging-port" "33763" "--remote-allow-hosts" "localhost" "-no-remote" "-profile" "/tmp/rust_mozprofileAfTjqJ"
Gtk-Message: 00:46:05.118: Failed to load module "canberra-gtk-module"
Gtk-Message: 00:46:05.141: Failed to load module "canberra-gtk-module"
ATTENTION: default value of option mesa_glthread overridden by environment.
ATTENTION: default value of option mesa_glthread overridden by environment.
amdgpu: os_same_file_description couldn't determine if two DRM fds reference the same file description.
If they do, bad things may happen!
ATTENTION: default value of option mesa_glthread overridden by environment.
1653522379426	geckodriver	INFO	Listening on 127.0.0.1:40069
1653522380191	mozrunner::runner	INFO	Running command: "/snap/bin/firefox" "--marionette" "--remote-debugging-port" "38475" "--remote-allow-hosts" "localhost" "-no-remote" "-profile" "/tmp/rust_mozprofileFOQF26"
Gtk-Message: 00:46:20.360: Failed to load module "canberra-gtk-module"
Gtk-Message: 00:46:20.362: Failed to load module "canberra-gtk-module"
ATTENTION: default value of option mesa_glthread overridden by environment.
ATTENTION: default value of option mesa_glthread overridden by environment.
amdgpu: os_same_file_description couldn't determine if two DRM fds reference the same file description.
If they do, bad things may happen!
ATTENTION: default value of option mesa_glthread overridden by environment.
1653522599621	geckodriver	INFO	Listening on 127.0.0.1:50525
1653522600563	mozrunner::runner	INFO	Running command: "/snap/bin/firefox" "--marionette" "--remote-debugging-port" "56599" "--remote-allow-hosts" "localhost" "-no-remote" "-profile" "/tmp/rust_mozprofilejfBH2P"
Gtk-Message: 00:50:00.717: Failed to load module "canberra-gtk-module"
Gtk-Message: 00:50:00.718: Failed to load module "canberra-gtk-module"
ATTENTION: default value of option mesa_glthread overridden by environment.
ATTENTION: default value of option mesa_glthread overridden by environment.
amdgpu: os_same_file_description couldn't determine if two DRM fds reference the same file description.
If they do, bad things may happen!
ATTENTION: default value of option mesa_glthread overridden by environment.
1653522700712	geckodriver	INFO	Listening on 127.0.0.1:36723
1653522701422	mozrunner::runner	INFO	Running command: "/usr/bin/firefox" "--marionette" "--remote-debugging-port" "52593" "--remote-allow-hosts" "localhost" "-no-remote" "-profile" "/tmp/rust_mozprofileLxa5HP"
Gtk-Message: 00:51:41.600: Failed to load module "canberra-gtk-module"
Gtk-Message: 00:51:41.601: Failed to load module "canberra-gtk-module"
ATTENTION: default value of option mesa_glthread overridden by environment.
ATTENTION: default value of option mesa_glthread overridden by environment.
amdgpu: os_same_file_description couldn't determine if two DRM fds reference the same file description.
If they do, bad things may happen!
ATTENTION: default value of option mesa_glthread overridden by environment.
1653523068870	geckodriver	INFO	Listening on 127.0.0.1:33863
1653523069527	mozrunner::runner	INFO	Running command: "/usr/bin/firefox" "--marionette" "-profile" "/home/atehe/snap/firefox/common/.mozilla/firefox/y9u819ch.default" "--remote-debugging-port" "47495" "--remote-allow-hosts" "localhost" "-no-remote"
Gtk-Message: 00:57:49.703: Failed to load module "canberra-gtk-module"
Gtk-Message: 00:57:49.705: Failed to load module "canberra-gtk-module"
ATTENTION: default value of option mesa_glthread overridden by environment.
ATTENTION: default value of option mesa_glthread overridden by environment.
amdgpu: os_same_file_description couldn't determine if two DRM fds reference the same file description.
If they do, bad things may happen!
1653523070189	Marionette	INFO	Marionette enabled
ATTENTION: default value of option mesa_glthread overridden by environment.
DevTools listening on ws://localhost:47495/devtools/browser/d2eb87a7-071b-4232-bf21-5016fb23100c
1653523071345	Marionette	INFO	Listening on port 37085
Read port: 37085
1653523071502	RemoteAgent	WARN	TLS certificate errors will be ignored for this session
1653523092625	Marionette	INFO	Stopped listening on port 37085
console.warn: TopSitesFeed: Failed to fetch data from Contile server: NetworkError when attempting to fetch resource.

###!!! [Parent][PImageBridgeParent] Error: RunMessage(msgname=PImageBridge::Msg_WillClose) Channel closing: too late to send/recv, messages will be lost

Sandbox: Unexpected EOF, op 0 flags 00 path /proc/cpuinfo
1653523225023	geckodriver	INFO	Listening on 127.0.0.1:34469
1653523225692	mozrunner::runner	INFO	Running command: "/usr/bin/firefox" "--marionette" "-profile" "/home/atehe/snap/firefox/common/.mozilla/firefox/y9u819ch.default" "--remote-debugging-port" "45873" "--remote-allow-hosts" "localhost" "-no-remote"
Gtk-Message: 01:00:25.871: Failed to load module "canberra-gtk-module"
Gtk-Message: 01:00:25.872: Failed to load module "canberra-gtk-module"
ATTENTION: default value of option mesa_glthread overridden by environment.
ATTENTION: default value of option mesa_glthread overridden by environment.
amdgpu: os_same_file_description couldn't determine if two DRM fds reference the same file description.
If they do, bad things may happen!
1653523226331	Marionette	INFO	Marionette enabled
ATTENTION: default value of option mesa_glthread overridden by environment.
DevTools listening on ws://localhost:45873/devtools/browser/db1a0953-fe9d-478a-bbb6-8a705adfc307
1653523227421	Marionette	INFO	Listening on port 33993
Read port: 33993
1653523227500	RemoteAgent	WARN	TLS certificate errors will be ignored for this session
1653523237543	Marionette	INFO	Stopped listening on port 33993
console.warn: TopSitesFeed: Failed to fetch data from Contile server: NetworkError when attempting to fetch resource.

###!!! [Parent][PImageBridgeParent] Error: RunMessage(msgname=PImageBridge::Msg_WillClose) Channel closing: too late to send/recv, messages will be lost

Sandbox: Unexpected EOF, op 0 flags 00 path /proc/cpuinfo
1653523248804	geckodriver	INFO	Listening on 127.0.0.1:58293
1653523249604	mozrunner::runner	INFO	Running command: "/usr/bin/firefox" "--marionette" "-profile" "/home/atehe/snap/firefox/common/.mozilla/firefox/y9u819ch.default" "--remote-debugging-port" "41103" "--remote-allow-hosts" "localhost" "-no-remote"
Gtk-Message: 01:00:49.782: Failed to load module "canberra-gtk-module"
Gtk-Message: 01:00:49.784: Failed to load module "canberra-gtk-module"
ATTENTION: default value of option mesa_glthread overridden by environment.
ATTENTION: default value of option mesa_glthread overridden by environment.
amdgpu: os_same_file_description couldn't determine if two DRM fds reference the same file description.
If they do, bad things may happen!
1653523250267	Marionette	INFO	Marionette enabled
ATTENTION: default value of option mesa_glthread overridden by environment.
DevTools listening on ws://localhost:41103/devtools/browser/06b13a50-07e7-4611-972f-c2f985b06496
1653523251438	Marionette	INFO	Listening on port 40487
Read port: 40487
1653523251515	RemoteAgent	WARN	TLS certificate errors will be ignored for this session
1653523256953	Marionette	INFO	Stopped listening on port 40487
1653523257019	Sync.ErrorHandler	ERROR	Sync encountered an error: Error: Aborting sync, remote setup failed(resource://services-sync/stages/enginesync.js:95:13) JS Stack trace: sync@enginesync.js:95:13
console.warn: TopSitesFeed: Failed to fetch data from Contile server: NetworkError when attempting to fetch resource.
JavaScript error: resource:///modules/BrowserGlue.jsm, line 4608: TypeError: win is null
